#
# There is insufficient memory for the Java Runtime Environment to continue.
# Native memory allocation (malloc) failed to allocate 1063936 bytes for Chunk::new
# Possible reasons:
#   The system is out of physical RAM or swap space
#   The process is running with CompressedOops enabled, and the Java Heap may be blocking the growth of the native heap
# Possible solutions:
#   Reduce memory load on the system
#   Increase physical memory or swap space
#   Check if swap backing store is full
#   Decrease Java heap size (-Xmx/-Xms)
#   Decrease number of Java threads
#   Decrease Java thread stack sizes (-Xss)
#   Set larger code cache with -XX:ReservedCodeCacheSize=
#   JVM is running with Unscaled Compressed Oops mode in which the Java heap is
#     placed in the first 4GB address space. The Java Heap base address is the
#     maximum limit for the native heap growth. Please use -XX:HeapBaseMinAddress
#     to set the Java Heap base and to place the Java Heap above 4GB virtual address.
# This output file may be truncated or incomplete.
#
#  Out of Memory Error (./src/hotspot/share/memory/arena.cpp:197), pid=17172, tid=18292
#
# JRE version: OpenJDK Runtime Environment (11.0.13) (build 11.0.13+0-b1751.21-8125866)
# Java VM: OpenJDK 64-Bit Server VM (11.0.13+0-b1751.21-8125866, mixed mode, tiered, compressed oops, g1 gc, windows-amd64)
# No core dump will be written. Minidumps are not enabled by default on client versions of Windows
#

---------------  S U M M A R Y ------------

Command Line: org.jetbrains.kotlin.cli.jvm.K2JVMCompiler @C:\Users\j - stock\AndroidStudioProjects\MyApplication\app\build\20221203_13831479402773085412.compiler.options

Host: Intel(R) Core(TM) i7-5600U CPU @ 2.60GHz, 4 cores, 7G,  Windows 10 , 64 bit Build 19041 (10.0.19041.1889)
Time: Sat Dec  3 14:31:27 2022 Pacific Standard Time elapsed time: 17.241528 seconds (0d 0h 0m 17s)

---------------  T H R E A D  ---------------

Current thread (0x00000178bf7e0800):  JavaThread "C2 CompilerThread1" daemon [_thread_in_native, id=18292, stack(0x00000066ba700000,0x00000066ba800000)]


Current CompileTask:
C2:  17242 12369       4       org.jetbrains.kotlin.codegen.signature.JvmSignatureWriter::writeAsmType (73 bytes)

Stack: [0x00000066ba700000,0x00000066ba800000]
Native frames: (J=compiled Java code, j=interpreted, Vv=VM code, C=native code)
V  [jvm.dll+0x6100fa]
V  [jvm.dll+0x747090]
V  [jvm.dll+0x7486ad]
V  [jvm.dll+0x748d83]
V  [jvm.dll+0x24ab48]
V  [jvm.dll+0xc04dc]
V  [jvm.dll+0xc0a0c]
V  [jvm.dll+0x2bfab4]
V  [jvm.dll+0x524238]
V  [jvm.dll+0x20b193]
V  [jvm.dll+0x204ca0]
V  [jvm.dll+0x2023c2]
V  [jvm.dll+0x188e01]
V  [jvm.dll+0x21106b]
V  [jvm.dll+0x20f8c1]
V  [jvm.dll+0x70de0f]
V  [jvm.dll+0x706a75]
V  [jvm.dll+0x60ed66]
C  [ucrtbase.dll+0x21bb2]
C  [KERNEL32.DLL+0x17034]
C  [ntdll.dll+0x526a1]


---------------  P R O C E S S  ---------------

Threads class SMR info:
_java_thread_list=0x00000178c3cbe300, length=11, elements={
0x00000178a2acc800, 0x00000178be5a8000, 0x00000178be5b0800, 0x00000178be5c6000,
0x00000178be5c6800, 0x00000178be5ca000, 0x00000178be5d0800, 0x00000178be5d5800,
0x00000178be5e3800, 0x00000178bf0a9000, 0x00000178bf7e0800
}

Java Threads: ( => current thread )
  0x00000178a2acc800 JavaThread "main" [_thread_in_vm, id=1768, stack(0x00000066b9600000,0x00000066b9700000)]
  0x00000178be5a8000 JavaThread "Reference Handler" daemon [_thread_blocked, id=13748, stack(0x00000066b9d00000,0x00000066b9e00000)]
  0x00000178be5b0800 JavaThread "Finalizer" daemon [_thread_blocked, id=20028, stack(0x00000066b9e00000,0x00000066b9f00000)]
  0x00000178be5c6000 JavaThread "Signal Dispatcher" daemon [_thread_blocked, id=17020, stack(0x00000066b9f00000,0x00000066ba000000)]
  0x00000178be5c6800 JavaThread "Attach Listener" daemon [_thread_blocked, id=22060, stack(0x00000066ba000000,0x00000066ba100000)]
  0x00000178be5ca000 JavaThread "Service Thread" daemon [_thread_blocked, id=11556, stack(0x00000066ba100000,0x00000066ba200000)]
  0x00000178be5d0800 JavaThread "C2 CompilerThread0" daemon [_thread_in_vm_trans, id=15700, stack(0x00000066ba200000,0x00000066ba300000)]
  0x00000178be5d5800 JavaThread "C1 CompilerThread0" daemon [_thread_blocked, id=12036, stack(0x00000066ba300000,0x00000066ba400000)]
  0x00000178be5e3800 JavaThread "Sweeper thread" daemon [_thread_blocked, id=21476, stack(0x00000066ba400000,0x00000066ba500000)]
  0x00000178bf0a9000 JavaThread "Common-Cleaner" daemon [_thread_blocked, id=17340, stack(0x00000066ba600000,0x00000066ba700000)]
=>0x00000178bf7e0800 JavaThread "C2 CompilerThread1" daemon [_thread_in_native, id=18292, stack(0x00000066ba700000,0x00000066ba800000)]

Other Threads:
  0x00000178be582000 VMThread "VM Thread" [stack: 0x00000066b9c00000,0x00000066b9d00000] [id=11356]
  0x00000178bf0a0000 WatcherThread [stack: 0x00000066ba500000,0x00000066ba600000] [id=832]
  0x00000178a2ae5800 GCTaskThread "GC Thread#0" [stack: 0x00000066b9700000,0x00000066b9800000] [id=10396]
  0x00000178bf529000 GCTaskThread "GC Thread#1" [stack: 0x00000066ba800000,0x00000066ba900000] [id=18868]
  0x00000178bf540000 GCTaskThread "GC Thread#2" [stack: 0x00000066ba900000,0x00000066baa00000] [id=23240]
  0x00000178c42d9800 GCTaskThread "GC Thread#3" [stack: 0x00000066baa00000,0x00000066bab00000] [id=19700]
  0x00000178a2b15000 ConcurrentGCThread "G1 Main Marker" [stack: 0x00000066b9800000,0x00000066b9900000] [id=1760]
  0x00000178a2b17800 ConcurrentGCThread "G1 Conc#0" [stack: 0x00000066b9900000,0x00000066b9a00000] [id=17216]
  0x00000178a2baa800 ConcurrentGCThread "G1 Refine#0" [stack: 0x00000066b9a00000,0x00000066b9b00000] [id=9332]
  0x00000178a2bab800 ConcurrentGCThread "G1 Young RemSet Sampling" [stack: 0x00000066b9b00000,0x00000066b9c00000] [id=7628]

Threads with active compile tasks:
C2 CompilerThread0  17265 12367       4       org.jetbrains.kotlin.load.kotlin.JvmDescriptorTypeWriter::writeJvmTypeAsIs (76 bytes)
C2 CompilerThread1  17265 12369       4       org.jetbrains.kotlin.codegen.signature.JvmSignatureWriter::writeAsmType (73 bytes)

VM state:not at safepoint (normal execution)

VM Mutex/Monitor currently owned by a thread: None

Heap address: 0x0000000081a00000, size: 2022 MB, Compressed Oops mode: 32-bit
Narrow klass base: 0x0000000000000000, Narrow klass shift: 3
Compressed class space size: 1073741824 Address: 0x0000000100000000

Heap:
 garbage-first heap   total 190464K, used 123482K [0x0000000081a00000, 0x0000000100000000)
  region size 1024K, 55 young (56320K), 6 survivors (6144K)
 Metaspace       used 85416K, capacity 86254K, committed 86480K, reserved 1126400K
  class space    used 9218K, capacity 9577K, committed 9724K, reserved 1048576K
Heap Regions: E=young(eden), S=young(survivor), O=old, HS=humongous(starts), HC=humongous(continues), CS=collection set, F=free, A=archive, TAMS=top-at-mark-start (previous, next)
|   0|0x0000000081a00000, 0x0000000081b00000, 0x0000000081b00000|100%|HS|  |TAMS 0x0000000081b00000, 0x0000000081a00000| Complete 
|   1|0x0000000081b00000, 0x0000000081c00000, 0x0000000081c00000|100%|HC|  |TAMS 0x0000000081c00000, 0x0000000081b00000| Complete 
|   2|0x0000000081c00000, 0x0000000081d00000, 0x0000000081d00000|100%|HC|  |TAMS 0x0000000081d00000, 0x0000000081c00000| Complete 
|   3|0x0000000081d00000, 0x0000000081e00000, 0x0000000081e00000|100%|HC|  |TAMS 0x0000000081e00000, 0x0000000081d00000| Complete 
|   4|0x0000000081e00000, 0x0000000081f00000, 0x0000000081f00000|100%| O|  |TAMS 0x0000000081f00000, 0x0000000081e00000| Untracked 
|   5|0x0000000081f00000, 0x0000000082000000, 0x0000000082000000|100%| O|  |TAMS 0x0000000082000000, 0x0000000081f00000| Untracked 
|   6|0x0000000082000000, 0x0000000082100000, 0x0000000082100000|100%|HS|  |TAMS 0x0000000082100000, 0x0000000082000000| Complete 
|   7|0x0000000082100000, 0x0000000082200000, 0x0000000082200000|100%|HC|  |TAMS 0x0000000082200000, 0x0000000082100000| Complete 
|   8|0x0000000082200000, 0x0000000082300000, 0x0000000082300000|100%|HC|  |TAMS 0x0000000082300000, 0x0000000082200000| Complete 
|   9|0x0000000082300000, 0x0000000082400000, 0x0000000082400000|100%|HC|  |TAMS 0x0000000082400000, 0x0000000082300000| Complete 
|  10|0x0000000082400000, 0x0000000082500000, 0x0000000082500000|100%|HS|  |TAMS 0x0000000082500000, 0x0000000082400000| Complete 
|  11|0x0000000082500000, 0x0000000082600000, 0x0000000082600000|100%|HC|  |TAMS 0x0000000082600000, 0x0000000082500000| Complete 
|  12|0x0000000082600000, 0x0000000082700000, 0x0000000082700000|100%| O|  |TAMS 0x0000000082700000, 0x0000000082600000| Untracked 
|  13|0x0000000082700000, 0x0000000082800000, 0x0000000082800000|100%| O|  |TAMS 0x0000000082800000, 0x0000000082700000| Untracked 
|  14|0x0000000082800000, 0x0000000082900000, 0x0000000082900000|100%| O|  |TAMS 0x0000000082900000, 0x0000000082800000| Untracked 
|  15|0x0000000082900000, 0x0000000082a00000, 0x0000000082a00000|100%| O|  |TAMS 0x0000000082a00000, 0x0000000082900000| Untracked 
|  16|0x0000000082a00000, 0x0000000082b00000, 0x0000000082b00000|100%| O|  |TAMS 0x0000000082b00000, 0x0000000082a00000| Untracked 
|  17|0x0000000082b00000, 0x0000000082c00000, 0x0000000082c00000|100%| O|  |TAMS 0x0000000082c00000, 0x0000000082b00000| Untracked 
|  18|0x0000000082c00000, 0x0000000082d00000, 0x0000000082d00000|100%| O|  |TAMS 0x0000000082d00000, 0x0000000082c00000| Untracked 
|  19|0x0000000082d00000, 0x0000000082e00000, 0x0000000082e00000|100%| O|  |TAMS 0x0000000082e00000, 0x0000000082d00000| Untracked 
|  20|0x0000000082e00000, 0x0000000082f00000, 0x0000000082f00000|100%| O|  |TAMS 0x0000000082f00000, 0x0000000082e00000| Untracked 
|  21|0x0000000082f00000, 0x0000000083000000, 0x0000000083000000|100%| O|  |TAMS 0x0000000083000000, 0x0000000082f00000| Untracked 
|  22|0x0000000083000000, 0x0000000083100000, 0x0000000083100000|100%| O|  |TAMS 0x0000000083100000, 0x0000000083000000| Untracked 
|  23|0x0000000083100000, 0x0000000083200000, 0x0000000083200000|100%| O|  |TAMS 0x0000000083200000, 0x0000000083100000| Untracked 
|  24|0x0000000083200000, 0x0000000083300000, 0x0000000083300000|100%| O|  |TAMS 0x0000000083300000, 0x0000000083200000| Untracked 
|  25|0x0000000083300000, 0x0000000083400000, 0x0000000083400000|100%| O|  |TAMS 0x0000000083400000, 0x0000000083300000| Untracked 
|  26|0x0000000083400000, 0x0000000083500000, 0x0000000083500000|100%| O|  |TAMS 0x0000000083500000, 0x0000000083400000| Untracked 
|  27|0x0000000083500000, 0x0000000083600000, 0x0000000083600000|100%| O|  |TAMS 0x0000000083600000, 0x0000000083500000| Untracked 
|  28|0x0000000083600000, 0x0000000083700000, 0x0000000083700000|100%| O|  |TAMS 0x0000000083700000, 0x0000000083600000| Untracked 
|  29|0x0000000083700000, 0x0000000083800000, 0x0000000083800000|100%| O|  |TAMS 0x0000000083800000, 0x0000000083700000| Untracked 
|  30|0x0000000083800000, 0x0000000083900000, 0x0000000083900000|100%| O|  |TAMS 0x0000000083900000, 0x0000000083800000| Untracked 
|  31|0x0000000083900000, 0x0000000083a00000, 0x0000000083a00000|100%| O|  |TAMS 0x0000000083a00000, 0x0000000083900000| Untracked 
|  32|0x0000000083a00000, 0x0000000083b00000, 0x0000000083b00000|100%| O|  |TAMS 0x0000000083b00000, 0x0000000083a00000| Untracked 
|  33|0x0000000083b00000, 0x0000000083c00000, 0x0000000083c00000|100%| O|  |TAMS 0x0000000083c00000, 0x0000000083b00000| Untracked 
|  34|0x0000000083c00000, 0x0000000083d00000, 0x0000000083d00000|100%| O|  |TAMS 0x0000000083d00000, 0x0000000083c00000| Untracked 
|  35|0x0000000083d00000, 0x0000000083e00000, 0x0000000083e00000|100%| O|  |TAMS 0x0000000083e00000, 0x0000000083d00000| Untracked 
|  36|0x0000000083e00000, 0x0000000083f00000, 0x0000000083f00000|100%| O|  |TAMS 0x0000000083f00000, 0x0000000083e00000| Untracked 
|  37|0x0000000083f00000, 0x0000000084000000, 0x0000000084000000|100%| O|  |TAMS 0x0000000084000000, 0x0000000083f00000| Untracked 
|  38|0x0000000084000000, 0x0000000084100000, 0x0000000084100000|100%| O|  |TAMS 0x0000000084000000, 0x0000000084000000| Untracked 
|  39|0x0000000084100000, 0x0000000084200000, 0x0000000084200000|100%| O|  |TAMS 0x0000000084200000, 0x0000000084100000| Untracked 
|  40|0x0000000084200000, 0x0000000084300000, 0x0000000084300000|100%| O|  |TAMS 0x0000000084300000, 0x0000000084200000| Untracked 
|  41|0x0000000084300000, 0x0000000084400000, 0x0000000084400000|100%| O|  |TAMS 0x0000000084400000, 0x0000000084300000| Untracked 
|  42|0x0000000084400000, 0x0000000084500000, 0x0000000084500000|100%| O|  |TAMS 0x0000000084500000, 0x0000000084400000| Untracked 
|  43|0x0000000084500000, 0x0000000084600000, 0x0000000084600000|100%| O|  |TAMS 0x0000000084600000, 0x0000000084500000| Untracked 
|  44|0x0000000084600000, 0x0000000084700000, 0x0000000084700000|100%| O|  |TAMS 0x0000000084700000, 0x0000000084600000| Untracked 
|  45|0x0000000084700000, 0x0000000084800000, 0x0000000084800000|100%| O|  |TAMS 0x0000000084800000, 0x0000000084700000| Untracked 
|  46|0x0000000084800000, 0x0000000084900000, 0x0000000084900000|100%| O|  |TAMS 0x0000000084900000, 0x0000000084800000| Untracked 
|  47|0x0000000084900000, 0x0000000084a00000, 0x0000000084a00000|100%| O|  |TAMS 0x0000000084a00000, 0x0000000084900000| Untracked 
|  48|0x0000000084a00000, 0x0000000084b00000, 0x0000000084b00000|100%| O|  |TAMS 0x0000000084add000, 0x0000000084a00000| Untracked 
|  49|0x0000000084b00000, 0x0000000084c00000, 0x0000000084c00000|100%| O|  |TAMS 0x0000000084b00000, 0x0000000084b00000| Untracked 
|  50|0x0000000084c00000, 0x0000000084d00000, 0x0000000084d00000|100%| O|  |TAMS 0x0000000084c00000, 0x0000000084c00000| Untracked 
|  51|0x0000000084d00000, 0x0000000084e00000, 0x0000000084e00000|100%| O|  |TAMS 0x0000000084d00000, 0x0000000084d00000| Untracked 
|  52|0x0000000084e00000, 0x0000000084f00000, 0x0000000084f00000|100%| O|  |TAMS 0x0000000084e00000, 0x0000000084e00000| Untracked 
|  53|0x0000000084f00000, 0x0000000085000000, 0x0000000085000000|100%| O|  |TAMS 0x0000000084f00000, 0x0000000084f00000| Untracked 
|  54|0x0000000085000000, 0x0000000085100000, 0x0000000085100000|100%| O|  |TAMS 0x0000000085000000, 0x0000000085000000| Untracked 
|  55|0x0000000085100000, 0x0000000085200000, 0x0000000085200000|100%| O|  |TAMS 0x0000000085100000, 0x0000000085100000| Untracked 
|  56|0x0000000085200000, 0x0000000085300000, 0x0000000085300000|100%| O|  |TAMS 0x0000000085200000, 0x0000000085200000| Untracked 
|  57|0x0000000085300000, 0x0000000085400000, 0x0000000085400000|100%| O|  |TAMS 0x0000000085300000, 0x0000000085300000| Untracked 
|  58|0x0000000085400000, 0x0000000085500000, 0x0000000085500000|100%| O|  |TAMS 0x0000000085400000, 0x0000000085400000| Untracked 
|  59|0x0000000085500000, 0x0000000085600000, 0x0000000085600000|100%| O|  |TAMS 0x0000000085500000, 0x0000000085500000| Untracked 
|  60|0x0000000085600000, 0x0000000085700000, 0x0000000085700000|100%| O|  |TAMS 0x0000000085600000, 0x0000000085600000| Untracked 
|  61|0x0000000085700000, 0x0000000085800000, 0x0000000085800000|100%| O|  |TAMS 0x0000000085700000, 0x0000000085700000| Untracked 
|  62|0x0000000085800000, 0x0000000085900000, 0x0000000085900000|100%| O|  |TAMS 0x0000000085800000, 0x0000000085800000| Untracked 
|  63|0x0000000085900000, 0x0000000085a00000, 0x0000000085a00000|100%| O|  |TAMS 0x0000000085900000, 0x0000000085900000| Untracked 
|  64|0x0000000085a00000, 0x0000000085b00000, 0x0000000085b00000|100%| O|  |TAMS 0x0000000085a00000, 0x0000000085a00000| Untracked 
|  65|0x0000000085b00000, 0x0000000085c00000, 0x0000000085c00000|100%| O|  |TAMS 0x0000000085b00000, 0x0000000085b00000| Untracked 
|  66|0x0000000085c00000, 0x0000000085ce6c00, 0x0000000085d00000| 90%| O|  |TAMS 0x0000000085c00000, 0x0000000085c00000| Untracked 
|  67|0x0000000085d00000, 0x0000000085d00000, 0x0000000085e00000|  0%| F|  |TAMS 0x0000000085d00000, 0x0000000085d00000| Untracked 
|  68|0x0000000085e00000, 0x0000000085e00000, 0x0000000085f00000|  0%| F|  |TAMS 0x0000000085e00000, 0x0000000085e00000| Untracked 
|  69|0x0000000085f00000, 0x0000000085f00000, 0x0000000086000000|  0%| F|  |TAMS 0x0000000085f00000, 0x0000000085f00000| Untracked 
|  70|0x0000000086000000, 0x0000000086000000, 0x0000000086100000|  0%| F|  |TAMS 0x0000000086000000, 0x0000000086000000| Untracked 
|  71|0x0000000086100000, 0x0000000086100000, 0x0000000086200000|  0%| F|  |TAMS 0x0000000086100000, 0x0000000086100000| Untracked 
|  72|0x0000000086200000, 0x0000000086200000, 0x0000000086300000|  0%| F|  |TAMS 0x0000000086200000, 0x0000000086200000| Untracked 
|  73|0x0000000086300000, 0x0000000086300000, 0x0000000086400000|  0%| F|  |TAMS 0x0000000086300000, 0x0000000086300000| Untracked 
|  74|0x0000000086400000, 0x0000000086400000, 0x0000000086500000|  0%| F|  |TAMS 0x0000000086400000, 0x0000000086400000| Untracked 
|  75|0x0000000086500000, 0x0000000086500000, 0x0000000086600000|  0%| F|  |TAMS 0x0000000086500000, 0x0000000086500000| Untracked 
|  76|0x0000000086600000, 0x0000000086600000, 0x0000000086700000|  0%| F|  |TAMS 0x0000000086600000, 0x0000000086600000| Untracked 
|  77|0x0000000086700000, 0x0000000086700000, 0x0000000086800000|  0%| F|  |TAMS 0x0000000086700000, 0x0000000086700000| Untracked 
|  78|0x0000000086800000, 0x0000000086800000, 0x0000000086900000|  0%| F|  |TAMS 0x0000000086800000, 0x0000000086800000| Untracked 
|  79|0x0000000086900000, 0x0000000086900000, 0x0000000086a00000|  0%| F|  |TAMS 0x0000000086900000, 0x0000000086900000| Untracked 
|  80|0x0000000086a00000, 0x0000000086a00000, 0x0000000086b00000|  0%| F|  |TAMS 0x0000000086a00000, 0x0000000086a00000| Untracked 
|  81|0x0000000086b00000, 0x0000000086b00000, 0x0000000086c00000|  0%| F|  |TAMS 0x0000000086b00000, 0x0000000086b00000| Untracked 
|  82|0x0000000086c00000, 0x0000000086c00000, 0x0000000086d00000|  0%| F|  |TAMS 0x0000000086c00000, 0x0000000086c00000| Untracked 
|  83|0x0000000086d00000, 0x0000000086d00000, 0x0000000086e00000|  0%| F|  |TAMS 0x0000000086d00000, 0x0000000086d00000| Untracked 
|  84|0x0000000086e00000, 0x0000000086e00000, 0x0000000086f00000|  0%| F|  |TAMS 0x0000000086e00000, 0x0000000086e00000| Untracked 
|  85|0x0000000086f00000, 0x0000000086f00000, 0x0000000087000000|  0%| F|  |TAMS 0x0000000086f00000, 0x0000000086f00000| Untracked 
|  86|0x0000000087000000, 0x0000000087000000, 0x0000000087100000|  0%| F|  |TAMS 0x0000000087000000, 0x0000000087000000| Untracked 
|  87|0x0000000087100000, 0x0000000087100000, 0x0000000087200000|  0%| F|  |TAMS 0x0000000087100000, 0x0000000087100000| Untracked 
|  88|0x0000000087200000, 0x0000000087200000, 0x0000000087300000|  0%| F|  |TAMS 0x0000000087200000, 0x0000000087200000| Untracked 
|  89|0x0000000087300000, 0x0000000087300000, 0x0000000087400000|  0%| F|  |TAMS 0x0000000087300000, 0x0000000087300000| Untracked 
|  90|0x0000000087400000, 0x0000000087400000, 0x0000000087500000|  0%| F|  |TAMS 0x0000000087400000, 0x0000000087400000| Untracked 
|  91|0x0000000087500000, 0x0000000087500000, 0x0000000087600000|  0%| F|  |TAMS 0x0000000087500000, 0x0000000087500000| Untracked 
|  92|0x0000000087600000, 0x0000000087600000, 0x0000000087700000|  0%| F|  |TAMS 0x0000000087600000, 0x0000000087600000| Untracked 
|  93|0x0000000087700000, 0x0000000087700000, 0x0000000087800000|  0%| F|  |TAMS 0x0000000087700000, 0x0000000087700000| Untracked 
|  94|0x0000000087800000, 0x0000000087800000, 0x0000000087900000|  0%| F|  |TAMS 0x0000000087800000, 0x0000000087800000| Untracked 
|  95|0x0000000087900000, 0x0000000087900000, 0x0000000087a00000|  0%| F|  |TAMS 0x0000000087900000, 0x0000000087900000| Untracked 
|  96|0x0000000087a00000, 0x0000000087a00000, 0x0000000087b00000|  0%| F|  |TAMS 0x0000000087a00000, 0x0000000087a00000| Untracked 
|  97|0x0000000087b00000, 0x0000000087b00000, 0x0000000087c00000|  0%| F|  |TAMS 0x0000000087b00000, 0x0000000087b00000| Untracked 
|  98|0x0000000087c00000, 0x0000000087c00000, 0x0000000087d00000|  0%| F|  |TAMS 0x0000000087c00000, 0x0000000087c00000| Untracked 
|  99|0x0000000087d00000, 0x0000000087d00000, 0x0000000087e00000|  0%| F|  |TAMS 0x0000000087d00000, 0x0000000087d00000| Untracked 
| 100|0x0000000087e00000, 0x0000000087e00000, 0x0000000087f00000|  0%| F|  |TAMS 0x0000000087e00000, 0x0000000087e00000| Untracked 
| 101|0x0000000087f00000, 0x0000000087f00000, 0x0000000088000000|  0%| F|  |TAMS 0x0000000087f00000, 0x0000000087f00000| Untracked 
| 102|0x0000000088000000, 0x0000000088000000, 0x0000000088100000|  0%| F|  |TAMS 0x0000000088000000, 0x0000000088000000| Untracked 
| 103|0x0000000088100000, 0x0000000088100000, 0x0000000088200000|  0%| F|  |TAMS 0x0000000088100000, 0x0000000088100000| Untracked 
| 104|0x0000000088200000, 0x0000000088200000, 0x0000000088300000|  0%| F|  |TAMS 0x0000000088200000, 0x0000000088200000| Untracked 
| 105|0x0000000088300000, 0x0000000088300000, 0x0000000088400000|  0%| F|  |TAMS 0x0000000088300000, 0x0000000088300000| Untracked 
| 106|0x0000000088400000, 0x0000000088400000, 0x0000000088500000|  0%| F|  |TAMS 0x0000000088400000, 0x0000000088400000| Untracked 
| 107|0x0000000088500000, 0x00000000885aff10, 0x0000000088600000| 68%| S|CS|TAMS 0x0000000088500000, 0x0000000088500000| Complete 
| 108|0x0000000088600000, 0x0000000088700000, 0x0000000088700000|100%| S|CS|TAMS 0x0000000088600000, 0x0000000088600000| Complete 
| 109|0x0000000088700000, 0x0000000088800000, 0x0000000088800000|100%| S|CS|TAMS 0x0000000088700000, 0x0000000088700000| Complete 
| 110|0x0000000088800000, 0x0000000088900000, 0x0000000088900000|100%| S|CS|TAMS 0x0000000088800000, 0x0000000088800000| Complete 
| 111|0x0000000088900000, 0x0000000088a00000, 0x0000000088a00000|100%| S|CS|TAMS 0x0000000088900000, 0x0000000088900000| Complete 
| 112|0x0000000088a00000, 0x0000000088a00000, 0x0000000088b00000|  0%| F|  |TAMS 0x0000000088a00000, 0x0000000088a00000| Untracked 
| 113|0x0000000088b00000, 0x0000000088b00000, 0x0000000088c00000|  0%| F|  |TAMS 0x0000000088b00000, 0x0000000088b00000| Untracked 
| 114|0x0000000088c00000, 0x0000000088c00000, 0x0000000088d00000|  0%| F|  |TAMS 0x0000000088c00000, 0x0000000088c00000| Untracked 
| 115|0x0000000088d00000, 0x0000000088d00000, 0x0000000088e00000|  0%| F|  |TAMS 0x0000000088d00000, 0x0000000088d00000| Untracked 
| 116|0x0000000088e00000, 0x0000000088e00000, 0x0000000088f00000|  0%| F|  |TAMS 0x0000000088e00000, 0x0000000088e00000| Untracked 
| 117|0x0000000088f00000, 0x0000000088f00000, 0x0000000089000000|  0%| F|  |TAMS 0x0000000088f00000, 0x0000000088f00000| Untracked 
| 118|0x0000000089000000, 0x0000000089000000, 0x0000000089100000|  0%| F|  |TAMS 0x0000000089000000, 0x0000000089000000| Untracked 
| 119|0x0000000089100000, 0x0000000089100000, 0x0000000089200000|  0%| F|  |TAMS 0x0000000089100000, 0x0000000089100000| Untracked 
| 120|0x0000000089200000, 0x0000000089300000, 0x0000000089300000|100%| S|CS|TAMS 0x0000000089200000, 0x0000000089200000| Complete 
| 121|0x0000000089300000, 0x0000000089300000, 0x0000000089400000|  0%| F|  |TAMS 0x0000000089300000, 0x0000000089300000| Untracked 
| 122|0x0000000089400000, 0x0000000089400000, 0x0000000089500000|  0%| F|  |TAMS 0x0000000089400000, 0x0000000089400000| Untracked 
| 123|0x0000000089500000, 0x0000000089500000, 0x0000000089600000|  0%| F|  |TAMS 0x0000000089500000, 0x0000000089500000| Untracked 
| 124|0x0000000089600000, 0x0000000089600000, 0x0000000089700000|  0%| F|  |TAMS 0x0000000089600000, 0x0000000089600000| Untracked 
| 125|0x0000000089700000, 0x0000000089700000, 0x0000000089800000|  0%| F|  |TAMS 0x0000000089700000, 0x0000000089700000| Untracked 
| 126|0x0000000089800000, 0x0000000089800000, 0x0000000089900000|  0%| F|  |TAMS 0x0000000089800000, 0x0000000089800000| Untracked 
| 127|0x0000000089900000, 0x0000000089900000, 0x0000000089a00000|  0%| F|  |TAMS 0x0000000089900000, 0x0000000089900000| Untracked 
| 128|0x0000000089a00000, 0x0000000089a00000, 0x0000000089b00000|  0%| F|  |TAMS 0x0000000089a00000, 0x0000000089a00000| Untracked 
| 129|0x0000000089b00000, 0x0000000089b00000, 0x0000000089c00000|  0%| F|  |TAMS 0x0000000089b00000, 0x0000000089b00000| Untracked 
| 130|0x0000000089c00000, 0x0000000089c00000, 0x0000000089d00000|  0%| F|  |TAMS 0x0000000089c00000, 0x0000000089c00000| Untracked 
| 131|0x0000000089d00000, 0x0000000089d00000, 0x0000000089e00000|  0%| F|  |TAMS 0x0000000089d00000, 0x0000000089d00000| Untracked 
| 132|0x0000000089e00000, 0x0000000089e00000, 0x0000000089f00000|  0%| F|  |TAMS 0x0000000089e00000, 0x0000000089e00000| Untracked 
| 133|0x0000000089f00000, 0x0000000089f00000, 0x000000008a000000|  0%| F|  |TAMS 0x0000000089f00000, 0x0000000089f00000| Untracked 
| 134|0x000000008a000000, 0x000000008a000000, 0x000000008a100000|  0%| F|  |TAMS 0x000000008a000000, 0x000000008a000000| Untracked 
| 135|0x000000008a100000, 0x000000008a100000, 0x000000008a200000|  0%| F|  |TAMS 0x000000008a100000, 0x000000008a100000| Untracked 
| 136|0x000000008a200000, 0x000000008a200000, 0x000000008a300000|  0%| F|  |TAMS 0x000000008a200000, 0x000000008a200000| Untracked 
| 137|0x000000008a300000, 0x000000008a400000, 0x000000008a400000|100%| E|  |TAMS 0x000000008a300000, 0x000000008a300000| Complete 
| 138|0x000000008a400000, 0x000000008a500000, 0x000000008a500000|100%| E|CS|TAMS 0x000000008a400000, 0x000000008a400000| Complete 
| 139|0x000000008a500000, 0x000000008a600000, 0x000000008a600000|100%| E|CS|TAMS 0x000000008a500000, 0x000000008a500000| Complete 
| 140|0x000000008a600000, 0x000000008a700000, 0x000000008a700000|100%| E|CS|TAMS 0x000000008a600000, 0x000000008a600000| Complete 
| 141|0x000000008a700000, 0x000000008a800000, 0x000000008a800000|100%| E|CS|TAMS 0x000000008a700000, 0x000000008a700000| Complete 
| 142|0x000000008a800000, 0x000000008a900000, 0x000000008a900000|100%| E|CS|TAMS 0x000000008a800000, 0x000000008a800000| Complete 
| 143|0x000000008a900000, 0x000000008aa00000, 0x000000008aa00000|100%| E|CS|TAMS 0x000000008a900000, 0x000000008a900000| Complete 
| 144|0x000000008aa00000, 0x000000008ab00000, 0x000000008ab00000|100%| E|CS|TAMS 0x000000008aa00000, 0x000000008aa00000| Complete 
| 145|0x000000008ab00000, 0x000000008ac00000, 0x000000008ac00000|100%| E|CS|TAMS 0x000000008ab00000, 0x000000008ab00000| Complete 
| 146|0x000000008ac00000, 0x000000008ad00000, 0x000000008ad00000|100%| E|CS|TAMS 0x000000008ac00000, 0x000000008ac00000| Complete 
| 147|0x000000008ad00000, 0x000000008ae00000, 0x000000008ae00000|100%| E|CS|TAMS 0x000000008ad00000, 0x000000008ad00000| Complete 
| 148|0x000000008ae00000, 0x000000008af00000, 0x000000008af00000|100%| E|CS|TAMS 0x000000008ae00000, 0x000000008ae00000| Complete 
| 149|0x000000008af00000, 0x000000008b000000, 0x000000008b000000|100%| E|CS|TAMS 0x000000008af00000, 0x000000008af00000| Complete 
| 150|0x000000008b000000, 0x000000008b100000, 0x000000008b100000|100%| E|CS|TAMS 0x000000008b000000, 0x000000008b000000| Complete 
| 151|0x000000008b100000, 0x000000008b200000, 0x000000008b200000|100%| E|CS|TAMS 0x000000008b100000, 0x000000008b100000| Complete 
| 152|0x000000008b200000, 0x000000008b300000, 0x000000008b300000|100%| E|CS|TAMS 0x000000008b200000, 0x000000008b200000| Complete 
| 153|0x000000008b300000, 0x000000008b400000, 0x000000008b400000|100%| E|CS|TAMS 0x000000008b300000, 0x000000008b300000| Complete 
| 154|0x000000008b400000, 0x000000008b500000, 0x000000008b500000|100%| E|CS|TAMS 0x000000008b400000, 0x000000008b400000| Complete 
| 155|0x000000008b500000, 0x000000008b600000, 0x000000008b600000|100%| E|CS|TAMS 0x000000008b500000, 0x000000008b500000| Complete 
| 156|0x000000008b600000, 0x000000008b700000, 0x000000008b700000|100%| E|CS|TAMS 0x000000008b600000, 0x000000008b600000| Complete 
| 157|0x000000008b700000, 0x000000008b800000, 0x000000008b800000|100%| E|CS|TAMS 0x000000008b700000, 0x000000008b700000| Complete 
| 158|0x000000008b800000, 0x000000008b900000, 0x000000008b900000|100%| E|CS|TAMS 0x000000008b800000, 0x000000008b800000| Complete 
| 159|0x000000008b900000, 0x000000008ba00000, 0x000000008ba00000|100%| E|CS|TAMS 0x000000008b900000, 0x000000008b900000| Complete 
| 160|0x000000008ba00000, 0x000000008bb00000, 0x000000008bb00000|100%| E|CS|TAMS 0x000000008ba00000, 0x000000008ba00000| Complete 
| 161|0x000000008bb00000, 0x000000008bc00000, 0x000000008bc00000|100%| E|CS|TAMS 0x000000008bb00000, 0x000000008bb00000| Complete 
| 162|0x000000008bc00000, 0x000000008bd00000, 0x000000008bd00000|100%| E|CS|TAMS 0x000000008bc00000, 0x000000008bc00000| Complete 
| 163|0x000000008bd00000, 0x000000008be00000, 0x000000008be00000|100%| E|CS|TAMS 0x000000008bd00000, 0x000000008bd00000| Complete 
| 164|0x000000008be00000, 0x000000008bf00000, 0x000000008bf00000|100%| E|CS|TAMS 0x000000008be00000, 0x000000008be00000| Complete 
| 165|0x000000008bf00000, 0x000000008c000000, 0x000000008c000000|100%| E|CS|TAMS 0x000000008bf00000, 0x000000008bf00000| Complete 
| 166|0x000000008c000000, 0x000000008c100000, 0x000000008c100000|100%| E|CS|TAMS 0x000000008c000000, 0x000000008c000000| Complete 
| 167|0x000000008c100000, 0x000000008c200000, 0x000000008c200000|100%| E|CS|TAMS 0x000000008c100000, 0x000000008c100000| Complete 
| 168|0x000000008c200000, 0x000000008c300000, 0x000000008c300000|100%| E|CS|TAMS 0x000000008c200000, 0x000000008c200000| Complete 
| 169|0x000000008c300000, 0x000000008c400000, 0x000000008c400000|100%| E|CS|TAMS 0x000000008c300000, 0x000000008c300000| Complete 
| 170|0x000000008c400000, 0x000000008c500000, 0x000000008c500000|100%| E|CS|TAMS 0x000000008c400000, 0x000000008c400000| Complete 
| 171|0x000000008c500000, 0x000000008c600000, 0x000000008c600000|100%| E|CS|TAMS 0x000000008c500000, 0x000000008c500000| Complete 
| 172|0x000000008c600000, 0x000000008c700000, 0x000000008c700000|100%| E|CS|TAMS 0x000000008c600000, 0x000000008c600000| Complete 
| 173|0x000000008c700000, 0x000000008c800000, 0x000000008c800000|100%| E|CS|TAMS 0x000000008c700000, 0x000000008c700000| Complete 
| 174|0x000000008c800000, 0x000000008c900000, 0x000000008c900000|100%| E|CS|TAMS 0x000000008c800000, 0x000000008c800000| Complete 
| 175|0x000000008c900000, 0x000000008ca00000, 0x000000008ca00000|100%| E|CS|TAMS 0x000000008c900000, 0x000000008c900000| Complete 
| 176|0x000000008ca00000, 0x000000008cb00000, 0x000000008cb00000|100%| E|CS|TAMS 0x000000008ca00000, 0x000000008ca00000| Complete 
| 177|0x000000008cb00000, 0x000000008cc00000, 0x000000008cc00000|100%| E|CS|TAMS 0x000000008cb00000, 0x000000008cb00000| Complete 
| 178|0x000000008cc00000, 0x000000008cd00000, 0x000000008cd00000|100%| E|CS|TAMS 0x000000008cc00000, 0x000000008cc00000| Complete 
| 179|0x000000008cd00000, 0x000000008ce00000, 0x000000008ce00000|100%| E|CS|TAMS 0x000000008cd00000, 0x000000008cd00000| Complete 
| 180|0x000000008ce00000, 0x000000008cf00000, 0x000000008cf00000|100%| E|CS|TAMS 0x000000008ce00000, 0x000000008ce00000| Complete 
| 181|0x000000008cf00000, 0x000000008d000000, 0x000000008d000000|100%| E|CS|TAMS 0x000000008cf00000, 0x000000008cf00000| Complete 
| 182|0x000000008d000000, 0x000000008d100000, 0x000000008d100000|100%| E|CS|TAMS 0x000000008d000000, 0x000000008d000000| Complete 
| 183|0x000000008d100000, 0x000000008d200000, 0x000000008d200000|100%| E|CS|TAMS 0x000000008d100000, 0x000000008d100000| Complete 
| 184|0x000000008d200000, 0x000000008d300000, 0x000000008d300000|100%| E|CS|TAMS 0x000000008d200000, 0x000000008d200000| Complete 
| 185|0x000000008d300000, 0x000000008d400000, 0x000000008d400000|100%| E|CS|TAMS 0x000000008d300000, 0x000000008d300000| Complete 

Card table byte_map: [0x00000178b7820000,0x00000178b7c20000] _byte_map_base: 0x00000178b7413000

Marking Bits (Prev, Next): (CMBitMap*) 0x00000178a2b0c5f0, (CMBitMap*) 0x00000178a2b0c5b8
 Prev Bits: [0x00000178b9fc0000, 0x00000178bbf58000)
 Next Bits: [0x00000178b8020000, 0x00000178b9fb8000)

Polling page: 0x00000178a2990000

Metaspace:

Usage:
  Non-class:     74.88 MB capacity,    74.42 MB (>99%) used,   340.16 KB ( <1%) free+waste,   135.25 KB ( <1%) overhead. 
      Class:      9.35 MB capacity,     9.00 MB ( 96%) used,   301.51 KB (  3%) free+waste,    56.56 KB ( <1%) overhead. 
       Both:     84.23 MB capacity,    83.42 MB (>99%) used,   641.66 KB ( <1%) free+waste,   191.81 KB ( <1%) overhead. 

Virtual space:
  Non-class space:       76.00 MB reserved,      74.96 MB ( 99%) committed 
      Class space:        1.00 GB reserved,       9.50 MB ( <1%) committed 
             Both:        1.07 GB reserved,      84.45 MB (  8%) committed 

Chunk freelists:
   Non-Class:  15.00 KB
       Class:  23.00 KB
        Both:  38.00 KB

MaxMetaspaceSize: 17179869184.00 GB
CompressedClassSpaceSize: 1.00 GB
Initial GC threshold: 20.80 MB
Current GC threshold: 98.88 MB
CDS: off

CodeHeap 'non-profiled nmethods': size=120064Kb used=6030Kb max_used=6030Kb free=114034Kb
 bounds [0x00000178af8b0000, 0x00000178afea0000, 0x00000178b6df0000]
CodeHeap 'profiled nmethods': size=120000Kb used=36907Kb max_used=36907Kb free=83092Kb
 bounds [0x00000178a8380000, 0x00000178aa790000, 0x00000178af8b0000]
CodeHeap 'non-nmethods': size=5696Kb used=1398Kb max_used=1447Kb free=4297Kb
 bounds [0x00000178a7df0000, 0x00000178a8060000, 0x00000178a8380000]
 total_blobs=13130 nmethods=12423 adapters=616
 compilation: enabled
              stopped_count=0, restarted_count=0
 full_count=0

Compilation events (20 events):
Event: 17.223 Thread 0x00000178be5d5800 nmethod 12483 0x00000178aa775910 code [0x00000178aa775ba0, 0x00000178aa776198]
Event: 17.223 Thread 0x00000178be5d5800 12484       2       org.jetbrains.kotlin.metadata.jvm.JvmProtoBuf$StringTableTypes$Record::getSerializedSize (273 bytes)
Event: 17.225 Thread 0x00000178be5d5800 nmethod 12484 0x00000178aa776590 code [0x00000178aa7768a0, 0x00000178aa777428]
Event: 17.225 Thread 0x00000178be5d5800 12486       2       gnu.trove.TObjectIntHashMap::setUp (24 bytes)
Event: 17.225 Thread 0x00000178be5d5800 nmethod 12486 0x00000178aa777a90 code [0x00000178aa777c60, 0x00000178aa778078]
Event: 17.225 Thread 0x00000178be5d5800 12485       1       org.jetbrains.kotlin.ir.declarations.impl.IrConstructorImpl::getVisibility (5 bytes)
Event: 17.225 Thread 0x00000178be5d5800 nmethod 12485 0x00000178afe85010 code [0x00000178afe851c0, 0x00000178afe85278]
Event: 17.225 Thread 0x00000178be5d5800 12487       1       org.jetbrains.kotlin.codegen.state.GenerationState::getShouldValidateBytecode (5 bytes)
Event: 17.226 Thread 0x00000178be5d5800 nmethod 12487 0x00000178afe85310 code [0x00000178afe854c0, 0x00000178afe85578]
Event: 17.226 Thread 0x00000178be5d5800 12488       2       org.jetbrains.org.objectweb.asm.tree.MethodNode::visitLdcInsn (16 bytes)
Event: 17.226 Thread 0x00000178be5d5800 nmethod 12488 0x00000178aa778210 code [0x00000178aa7783c0, 0x00000178aa7785a8]
Event: 17.226 Thread 0x00000178be5d5800 12489       2       org.jetbrains.org.objectweb.asm.tree.LdcInsnNode::<init> (12 bytes)
Event: 17.227 Thread 0x00000178be5d5800 nmethod 12489 0x00000178aa778690 code [0x00000178aa778840, 0x00000178aa778998]
Event: 17.229 Thread 0x00000178be5d5800 12490       2       kotlin.Pair::equals (55 bytes)
Event: 17.230 Thread 0x00000178be5d5800 nmethod 12490 0x00000178aa778a10 code [0x00000178aa778be0, 0x00000178aa778e98]
Event: 17.231 Thread 0x00000178be5d5800 12491       2       org.jetbrains.kotlin.codegen.optimization.RedundantCheckCastEliminationMethodTransformer$transform$interpreter$1::copyOperation (13 bytes)
Event: 17.231 Thread 0x00000178be5d5800 nmethod 12491 0x00000178aa778f90 code [0x00000178aa779140, 0x00000178aa779288]
Event: 17.231 Thread 0x00000178be5d5800 12493   !   2       org.jetbrains.kotlin.codegen.optimization.common.FastMethodAnalyzer::analyze (795 bytes)
Event: 17.237 Thread 0x00000178be5d5800 nmethod 12493 0x00000178aa779390 code [0x00000178aa779a40, 0x00000178aa77ba98]
Event: 17.237 Thread 0x00000178be5d5800 12492       2       org.jetbrains.kotlin.codegen.optimization.RedundantCheckCastEliminationMethodTransformer$transform$interpreter$1::copyOperation (80 bytes)

GC Heap History (20 events):
Event: 1.635 GC heap before
{Heap before GC invocations=1 (full 0):
 garbage-first heap   total 131072K, used 54383K [0x0000000081a00000, 0x0000000100000000)
  region size 1024K, 50 young (51200K), 2 survivors (2048K)
 Metaspace       used 21015K, capacity 21188K, committed 21248K, reserved 1069056K
  class space    used 2218K, capacity 2303K, committed 2304K, reserved 1048576K
}
Event: 1.651 GC heap after
{Heap after GC invocations=2 (full 0):
 garbage-first heap   total 131072K, used 10939K [0x0000000081a00000, 0x0000000100000000)
  region size 1024K, 7 young (7168K), 7 survivors (7168K)
 Metaspace       used 21015K, capacity 21188K, committed 21248K, reserved 1069056K
  class space    used 2218K, capacity 2303K, committed 2304K, reserved 1048576K
}
Event: 2.847 GC heap before
{Heap before GC invocations=3 (full 0):
 garbage-first heap   total 131072K, used 66235K [0x0000000081a00000, 0x0000000100000000)
  region size 1024K, 55 young (56320K), 7 survivors (7168K)
 Metaspace       used 31893K, capacity 32354K, committed 32636K, reserved 1077248K
  class space    used 3902K, capacity 4080K, committed 4220K, reserved 1048576K
}
Event: 2.871 GC heap after
{Heap after GC invocations=4 (full 0):
 garbage-first heap   total 131072K, used 23997K [0x0000000081a00000, 0x0000000100000000)
  region size 1024K, 7 young (7168K), 7 survivors (7168K)
 Metaspace       used 31893K, capacity 32354K, committed 32636K, reserved 1077248K
  class space    used 3902K, capacity 4080K, committed 4220K, reserved 1048576K
}
Event: 3.200 GC heap before
{Heap before GC invocations=4 (full 0):
 garbage-first heap   total 131072K, used 41405K [0x0000000081a00000, 0x0000000100000000)
  region size 1024K, 25 young (25600K), 7 survivors (7168K)
 Metaspace       used 35529K, capacity 35954K, committed 36048K, reserved 1081344K
  class space    used 4354K, capacity 4534K, committed 4604K, reserved 1048576K
}
Event: 3.212 GC heap after
{Heap after GC invocations=5 (full 0):
 garbage-first heap   total 131072K, used 26273K [0x0000000081a00000, 0x0000000100000000)
  region size 1024K, 3 young (3072K), 3 survivors (3072K)
 Metaspace       used 35529K, capacity 35954K, committed 36048K, reserved 1081344K
  class space    used 4354K, capacity 4534K, committed 4604K, reserved 1048576K
}
Event: 4.459 GC heap before
{Heap before GC invocations=6 (full 0):
 garbage-first heap   total 131072K, used 78497K [0x0000000081a00000, 0x0000000100000000)
  region size 1024K, 54 young (55296K), 3 survivors (3072K)
 Metaspace       used 46134K, capacity 46674K, committed 46928K, reserved 1091584K
  class space    used 5410K, capacity 5608K, committed 5756K, reserved 1048576K
}
Event: 4.471 GC heap after
{Heap after GC invocations=7 (full 0):
 garbage-first heap   total 157696K, used 28676K [0x0000000081a00000, 0x0000000100000000)
  region size 1024K, 7 young (7168K), 7 survivors (7168K)
 Metaspace       used 46134K, capacity 46674K, committed 46928K, reserved 1091584K
  class space    used 5410K, capacity 5608K, committed 5756K, reserved 1048576K
}
Event: 5.667 GC heap before
{Heap before GC invocations=7 (full 0):
 garbage-first heap   total 157696K, used 97284K [0x0000000081a00000, 0x0000000100000000)
  region size 1024K, 71 young (72704K), 7 survivors (7168K)
 Metaspace       used 51885K, capacity 52487K, committed 52560K, reserved 1095680K
  class space    used 5992K, capacity 6219K, committed 6268K, reserved 1048576K
}
Event: 5.689 GC heap after
{Heap after GC invocations=8 (full 0):
 garbage-first heap   total 157696K, used 37544K [0x0000000081a00000, 0x0000000100000000)
  region size 1024K, 7 young (7168K), 7 survivors (7168K)
 Metaspace       used 51885K, capacity 52487K, committed 52560K, reserved 1095680K
  class space    used 5992K, capacity 6219K, committed 6268K, reserved 1048576K
}
Event: 7.916 GC heap before
{Heap before GC invocations=8 (full 0):
 garbage-first heap   total 157696K, used 105128K [0x0000000081a00000, 0x0000000100000000)
  region size 1024K, 73 young (74752K), 7 survivors (7168K)
 Metaspace       used 56743K, capacity 57325K, committed 57680K, reserved 1099776K
  class space    used 6380K, capacity 6629K, committed 6780K, reserved 1048576K
}
Event: 7.949 GC heap after
{Heap after GC invocations=9 (full 0):
 garbage-first heap   total 157696K, used 48467K [0x0000000081a00000, 0x0000000100000000)
  region size 1024K, 10 young (10240K), 10 survivors (10240K)
 Metaspace       used 56743K, capacity 57325K, committed 57680K, reserved 1099776K
  class space    used 6380K, capacity 6629K, committed 6780K, reserved 1048576K
}
Event: 9.371 GC heap before
{Heap before GC invocations=9 (full 0):
 garbage-first heap   total 157696K, used 100691K [0x0000000081a00000, 0x0000000100000000)
  region size 1024K, 61 young (62464K), 10 survivors (10240K)
 Metaspace       used 59749K, capacity 60382K, committed 60496K, reserved 1103872K
  class space    used 6692K, capacity 6944K, committed 7036K, reserved 1048576K
}
Event: 9.407 GC heap after
{Heap after GC invocations=10 (full 0):
 garbage-first heap   total 157696K, used 53620K [0x0000000081a00000, 0x0000000100000000)
  region size 1024K, 5 young (5120K), 5 survivors (5120K)
 Metaspace       used 59749K, capacity 60382K, committed 60496K, reserved 1103872K
  class space    used 6692K, capacity 6944K, committed 7036K, reserved 1048576K
}
Event: 12.464 GC heap before
{Heap before GC invocations=11 (full 0):
 garbage-first heap   total 157696K, used 110964K [0x0000000081a00000, 0x0000000100000000)
  region size 1024K, 61 young (62464K), 5 survivors (5120K)
 Metaspace       used 66617K, capacity 67416K, committed 67792K, reserved 1110016K
  class space    used 7465K, capacity 7788K, committed 7932K, reserved 1048576K
}
Event: 12.490 GC heap after
{Heap after GC invocations=12 (full 0):
 garbage-first heap   total 190464K, used 61162K [0x0000000081a00000, 0x0000000100000000)
  region size 1024K, 7 young (7168K), 7 survivors (7168K)
 Metaspace       used 66617K, capacity 67416K, committed 67792K, reserved 1110016K
  class space    used 7465K, capacity 7788K, committed 7932K, reserved 1048576K
}
Event: 14.747 GC heap before
{Heap before GC invocations=12 (full 0):
 garbage-first heap   total 190464K, used 128746K [0x0000000081a00000, 0x0000000100000000)
  region size 1024K, 73 young (74752K), 7 survivors (7168K)
 Metaspace       used 77183K, capacity 78032K, committed 78288K, reserved 1118208K
  class space    used 8527K, capacity 8863K, committed 8956K, reserved 1048576K
}
Event: 14.779 GC heap after
{Heap after GC invocations=13 (full 0):
 garbage-first heap   total 190464K, used 68773K [0x0000000081a00000, 0x0000000100000000)
  region size 1024K, 8 young (8192K), 8 survivors (8192K)
 Metaspace       used 77183K, capacity 78032K, committed 78288K, reserved 1118208K
  class space    used 8527K, capacity 8863K, committed 8956K, reserved 1048576K
}
Event: 16.081 GC heap before
{Heap before GC invocations=13 (full 0):
 garbage-first heap   total 190464K, used 135333K [0x0000000081a00000, 0x0000000100000000)
  region size 1024K, 73 young (74752K), 8 survivors (8192K)
 Metaspace       used 81260K, capacity 82143K, committed 82256K, reserved 1122304K
  class space    used 8889K, capacity 9252K, committed 9340K, reserved 1048576K
}
Event: 16.100 GC heap after
{Heap after GC invocations=14 (full 0):
 garbage-first heap   total 190464K, used 74330K [0x0000000081a00000, 0x0000000100000000)
  region size 1024K, 6 young (6144K), 6 survivors (6144K)
 Metaspace       used 81260K, capacity 82143K, committed 82256K, reserved 1122304K
  class space    used 8889K, capacity 9252K, committed 9340K, reserved 1048576K
}

Deoptimization events (20 events):
Event: 17.205 Thread 0x00000178a2acc800 Uncommon trap: trap_request=0xffffffde fr.pc=0x00000178afd5db2c relative=0x00000000000000ec
Event: 17.205 Thread 0x00000178a2acc800 Uncommon trap: reason=class_check action=maybe_recompile pc=0x00000178afd5db2c method=org.jetbrains.kotlin.ir.symbols.impl.IrSymbolBase.getDescriptor()Lorg/jetbrains/kotlin/descriptors/DeclarationDescriptor; @ 19 c2
Event: 17.205 Thread 0x00000178a2acc800 DEOPT PACKING pc=0x00000178afd5db2c sp=0x00000066b96fd3d0
Event: 17.205 Thread 0x00000178a2acc800 DEOPT UNPACKING pc=0x00000178a7e3a1af sp=0x00000066b96fd308 mode 2
Event: 17.207 Thread 0x00000178a2acc800 Uncommon trap: trap_request=0xffffffde fr.pc=0x00000178afd5db2c relative=0x00000000000000ec
Event: 17.207 Thread 0x00000178a2acc800 Uncommon trap: reason=class_check action=maybe_recompile pc=0x00000178afd5db2c method=org.jetbrains.kotlin.ir.symbols.impl.IrSymbolBase.getDescriptor()Lorg/jetbrains/kotlin/descriptors/DeclarationDescriptor; @ 19 c2
Event: 17.207 Thread 0x00000178a2acc800 DEOPT PACKING pc=0x00000178afd5db2c sp=0x00000066b96fd440
Event: 17.207 Thread 0x00000178a2acc800 DEOPT UNPACKING pc=0x00000178a7e3a1af sp=0x00000066b96fd378 mode 2
Event: 17.211 Thread 0x00000178a2acc800 Uncommon trap: trap_request=0xffffff4d fr.pc=0x00000178afc88d8c relative=0x000000000000024c
Event: 17.211 Thread 0x00000178a2acc800 Uncommon trap: reason=unstable_if action=reinterpret pc=0x00000178afc88d8c method=gnu.trove.TObjectHash.index(Ljava/lang/Object;)I @ 54 c2
Event: 17.211 Thread 0x00000178a2acc800 DEOPT PACKING pc=0x00000178afc88d8c sp=0x00000066b96fd000
Event: 17.211 Thread 0x00000178a2acc800 DEOPT UNPACKING pc=0x00000178a7e3a1af sp=0x00000066b96fcf78 mode 2
Event: 17.233 Thread 0x00000178a2acc800 Uncommon trap: trap_request=0xffffff4d fr.pc=0x00000178afe61580 relative=0x0000000000000060
Event: 17.233 Thread 0x00000178a2acc800 Uncommon trap: reason=unstable_if action=reinterpret pc=0x00000178afe61580 method=org.jetbrains.kotlin.ir.util.IrUtilsKt.isAnnotationClass(Lorg/jetbrains/kotlin/ir/declarations/IrClass;)Z @ 14 c2
Event: 17.233 Thread 0x00000178a2acc800 DEOPT PACKING pc=0x00000178afe61580 sp=0x00000066b96fd460
Event: 17.233 Thread 0x00000178a2acc800 DEOPT UNPACKING pc=0x00000178a7e3a1af sp=0x00000066b96fd3f8 mode 2
Event: 17.235 Thread 0x00000178a2acc800 Uncommon trap: trap_request=0xffffffc6 fr.pc=0x00000178afaf784c relative=0x0000000000000dac
Event: 17.235 Thread 0x00000178a2acc800 Uncommon trap: reason=bimorphic_or_optimized_type_check action=maybe_recompile pc=0x00000178afaf784c method=org.jetbrains.kotlin.storage.LockBasedStorageManager$MapBasedMemoizedFunction.invoke(Ljava/lang/Object;)Ljava/lang/Object; @ 235 c2
Event: 17.235 Thread 0x00000178a2acc800 DEOPT PACKING pc=0x00000178afaf784c sp=0x00000066b96fdd50
Event: 17.235 Thread 0x00000178a2acc800 DEOPT UNPACKING pc=0x00000178a7e3a1af sp=0x00000066b96fdd00 mode 2

Classes redefined (0 events):
No events

Internal exceptions (20 events):
Event: 11.147 Thread 0x00000178a2acc800 Exception <a 'java/lang/NoSuchMethodError'{0x0000000089abfa58}: 'java.lang.Object java.lang.invoke.DirectMethodHandle$Holder.invokeSpecial(java.lang.Object, java.lang.Object, java.lang.Object, java.lang.Object, java.lang.Object, int)'> (0x0000000089abfa58) thrown at [./src/hotspot/share/interpreter/linkResolver.cpp, line 773]
Event: 11.147 Thread 0x00000178a2acc800 Exception <a 'java/lang/NoSuchMethodError'{0x0000000089ac38a0}: 'java.lang.Object java.lang.invoke.Invokers$Holder.linkToTargetMethod(java.lang.Object, java.lang.Object, java.lang.Object, int, java.lang.Object)'> (0x0000000089ac38a0) thrown at [./src/hotspot/share/interpreter/linkResolver.cpp, line 773]
Event: 11.224 Thread 0x00000178a2acc800 Exception <a 'java/lang/NoSuchMethodError'{0x0000000089872580}: 'void java.lang.invoke.DirectMethodHandle$Holder.invokeInterface(java.lang.Object, java.lang.Object)'> (0x0000000089872580) thrown at [./src/hotspot/share/interpreter/linkResolver.cpp, line 773]
Event: 11.327 Thread 0x00000178a2acc800 Exception <a 'java/lang/IncompatibleClassChangeError'{0x0000000089661b90}: Found class java.lang.Object, but interface was expected> (0x0000000089661b90) thrown at [./src/hotspot/share/interpreter/linkResolver.cpp, line 839]
Event: 11.929 Thread 0x00000178a2acc800 Implicit null exception at 0x00000178afc91a14 to 0x00000178afc91ff8
Event: 11.952 Thread 0x00000178a2acc800 Implicit null exception at 0x00000178afc48e94 to 0x00000178afc49468
Event: 12.079 Thread 0x00000178a2acc800 Implicit null exception at 0x00000178af912ff5 to 0x00000178af9131b4
Event: 12.305 Thread 0x00000178a2acc800 Implicit null exception at 0x00000178afb43efb to 0x00000178afb441a4
Event: 12.545 Thread 0x00000178a2acc800 Exception <a 'java/lang/NoSuchMethodError'{0x000000008d2c39d8}: 'java.lang.Object java.lang.invoke.DirectMethodHandle$Holder.invokeStaticInit(java.lang.Object, java.lang.Object, java.lang.Object, java.lang.Object)'> (0x000000008d2c39d8) thrown at [./src/hotspot/share/interpreter/linkResolver.cpp, line 773]
Event: 12.812 Thread 0x00000178a2acc800 Exception <a 'java/lang/NoSuchMethodError'{0x000000008c8d32a0}: 'int java.lang.invoke.DirectMethodHandle$Holder.invokeStaticInit(java.lang.Object, java.lang.Object, java.lang.Object, java.lang.Object)'> (0x000000008c8d32a0) thrown at [./src/hotspot/share/interpreter/linkResolver.cpp, line 773]
Event: 12.879 Thread 0x00000178a2acc800 Exception <a 'java/lang/NoSuchMethodError'{0x000000008c54ff88}: 'java.lang.Object java.lang.invoke.DirectMethodHandle$Holder.invokeStatic(java.lang.Object, java.lang.Object, java.lang.Object, int, int, java.lang.Object, java.lang.Object, java.lang.Object)'> (0x000000008c54ff88) thrown at [./src/hotspot/share/interpreter/linkResolver.cpp, line 773]
Event: 12.880 Thread 0x00000178a2acc800 Exception <a 'java/lang/NoSuchMethodError'{0x000000008c55a570}: 'java.lang.Object java.lang.invoke.DirectMethodHandle$Holder.invokeStatic(java.lang.Object, java.lang.Object, java.lang.Object, int, int)'> (0x000000008c55a570) thrown at [./src/hotspot/share/interpreter/linkResolver.cpp, line 773]
Event: 12.881 Thread 0x00000178a2acc800 Exception <a 'java/lang/NoSuchMethodError'{0x000000008c55dd50}: 'java.lang.Object java.lang.invoke.DirectMethodHandle$Holder.invokeSpecial(java.lang.Object, java.lang.Object, java.lang.Object, java.lang.Object, int, int)'> (0x000000008c55dd50) thrown at [./src/hotspot/share/interpreter/linkResolver.cpp, line 773]
Event: 12.881 Thread 0x00000178a2acc800 Exception <a 'java/lang/NoSuchMethodError'{0x000000008c560e58}: 'java.lang.Object java.lang.invoke.Invokers$Holder.linkToTargetMethod(java.lang.Object, java.lang.Object, int, int, java.lang.Object)'> (0x000000008c560e58) thrown at [./src/hotspot/share/interpreter/linkResolver.cpp, line 773]
Event: 12.914 Thread 0x00000178a2acc800 Exception <a 'java/lang/NoSuchMethodError'{0x000000008c4439b8}: 'java.lang.Object java.lang.invoke.DirectMethodHandle$Holder.invokeStatic(java.lang.Object, java.lang.Object, java.lang.Object, int, int, java.lang.Object, java.lang.Object)'> (0x000000008c4439b8) thrown at [./src/hotspot/share/interpreter/linkResolver.cpp, line 773]
Event: 12.915 Thread 0x00000178a2acc800 Exception <a 'java/lang/NoSuchMethodError'{0x000000008c4475d0}: 'java.lang.Object java.lang.invoke.DirectMethodHandle$Holder.invokeSpecial(java.lang.Object, java.lang.Object, java.lang.Object, java.lang.Object, int, int, java.lang.Object, java.lang.Object)'> (0x000000008c4475d0) thrown at [./src/hotspot/share/interpreter/linkResolver.cpp, line 773]
Event: 12.915 Thread 0x00000178a2acc800 Exception <a 'java/lang/NoSuchMethodError'{0x000000008c44a9e0}: 'java.lang.Object java.lang.invoke.Invokers$Holder.linkToTargetMethod(java.lang.Object, java.lang.Object, int, int, java.lang.Object, java.lang.Object, java.lang.Object)'> (0x000000008c44a9e0) thrown at [./src/hotspot/share/interpreter/linkResolver.cpp, line 773]
Event: 13.140 Thread 0x00000178a2acc800 Exception <a 'java/lang/NoSuchMethodError'{0x000000008bf8d798}: 'java.lang.Object java.lang.invoke.DirectMethodHandle$Holder.invokeStatic(java.lang.Object, java.lang.Object, java.lang.Object, int, int, java.lang.Object, java.lang.Object, java.lang.Object, java.lang.Object)'> (0x000000008bf8d798) thrown at [./src/hotspot/share/interpreter/linkResolver.cpp, line 773]
Event: 13.141 Thread 0x00000178a2acc800 Exception <a 'java/lang/NoSuchMethodError'{0x000000008bf95590}: 'java.lang.Object java.lang.invoke.Invokers$Holder.linkToTargetMethod(java.lang.Object, java.lang.Object, int, int, java.lang.Object, java.lang.Object, java.lang.Object, java.lang.Object, java.lang.Object)'> (0x000000008bf95590) thrown at [./src/hotspot/share/interpreter/linkResolver.cpp, line 773]
Event: 15.171 Thread 0x00000178a2acc800 Implicit null exception at 0x00000178af91fb74 to 0x00000178af91fd8c

Events (20 events):
Event: 16.873 loading class org/jetbrains/kotlin/codegen/signature/BothSignatureWriter$1
Event: 16.873 loading class org/jetbrains/kotlin/codegen/signature/BothSignatureWriter$1 done
Event: 16.873 loading class org/jetbrains/kotlin/types/UtilsKt
Event: 16.873 loading class org/jetbrains/kotlin/types/UtilsKt done
Event: 16.910 Executing VM operation: ICBufferFull
Event: 16.910 Executing VM operation: ICBufferFull done
Event: 17.227 loading class org/jetbrains/kotlin/codegen/inline/ReifiedTypeInliner$OperationKind
Event: 17.227 loading class org/jetbrains/kotlin/codegen/inline/ReifiedTypeInliner$OperationKind done
Event: 17.228 loading class org/jetbrains/kotlin/codegen/BaseExpressionCodegenKt
Event: 17.228 loading class org/jetbrains/kotlin/codegen/BaseExpressionCodegenKt done
Event: 17.234 loading class org/jetbrains/kotlin/ir/expressions/IrConstKind$Byte
Event: 17.234 loading class org/jetbrains/kotlin/ir/expressions/IrConstKind$Byte done
Event: 17.234 loading class org/jetbrains/kotlin/ir/expressions/IrConstKind$Short
Event: 17.234 loading class org/jetbrains/kotlin/ir/expressions/IrConstKind$Short done
Event: 17.234 loading class org/jetbrains/kotlin/ir/expressions/IrConstKind$Long
Event: 17.234 loading class org/jetbrains/kotlin/ir/expressions/IrConstKind$Long done
Event: 17.236 loading class org/jetbrains/kotlin/load/java/SpecialBuiltinMembers$getOverriddenBuiltinReflectingJvmDescriptor$2
Event: 17.236 loading class org/jetbrains/kotlin/load/java/SpecialBuiltinMembers$getOverriddenBuiltinReflectingJvmDescriptor$2 done
Event: 17.237 loading class org/jetbrains/kotlin/backend/jvm/intrinsics/AndAnd$BooleanConjunction
Event: 17.237 loading class org/jetbrains/kotlin/backend/jvm/intrinsics/AndAnd$BooleanConjunction done


Dynamic libraries:
0x00007ff7b0650000 - 0x00007ff7b065a000 	C:\Program Files\Android\Android Studio\jre\bin\java.exe
0x00007ff9d9fd0000 - 0x00007ff9da1c8000 	C:\WINDOWS\SYSTEM32\ntdll.dll
0x00007ff9d9110000 - 0x00007ff9d91cd000 	C:\WINDOWS\System32\KERNEL32.DLL
0x00007ff9d7b50000 - 0x00007ff9d7e22000 	C:\WINDOWS\System32\KERNELBASE.dll
0x00007ff9d78f0000 - 0x00007ff9d79f0000 	C:\WINDOWS\System32\ucrtbase.dll
0x00007ff9d16f0000 - 0x00007ff9d1707000 	C:\Program Files\Android\Android Studio\jre\bin\VCRUNTIME140.dll
0x00007ff9d15b0000 - 0x00007ff9d15c9000 	C:\Program Files\Android\Android Studio\jre\bin\jli.dll
0x00007ff9d9250000 - 0x00007ff9d93ed000 	C:\WINDOWS\System32\USER32.dll
0x00007ff9d7b20000 - 0x00007ff9d7b42000 	C:\WINDOWS\System32\win32u.dll
0x00007ff9c4b90000 - 0x00007ff9c4e2a000 	C:\WINDOWS\WinSxS\amd64_microsoft.windows.common-controls_6595b64144ccf1df_6.0.19041.1110_none_60b5254171f9507e\COMCTL32.dll
0x00007ff9d8700000 - 0x00007ff9d872b000 	C:\WINDOWS\System32\GDI32.dll
0x00007ff9d9ef0000 - 0x00007ff9d9f8e000 	C:\WINDOWS\System32\msvcrt.dll
0x00007ff9d76e0000 - 0x00007ff9d77ef000 	C:\WINDOWS\System32\gdi32full.dll
0x00007ff9d7f90000 - 0x00007ff9d802d000 	C:\WINDOWS\System32\msvcp_win.dll
0x00007ff9d9e50000 - 0x00007ff9d9e80000 	C:\WINDOWS\System32\IMM32.DLL
0x00007ff9a2920000 - 0x00007ff9a29bd000 	C:\Program Files\Android\Android Studio\jre\bin\msvcp140.dll
0x00007ff9616c0000 - 0x00007ff9621c2000 	C:\Program Files\Android\Android Studio\jre\bin\server\jvm.dll
0x00007ff9d9040000 - 0x00007ff9d90ee000 	C:\WINDOWS\System32\ADVAPI32.dll
0x00007ff9d94a0000 - 0x00007ff9d953c000 	C:\WINDOWS\System32\sechost.dll
0x00007ff9d8790000 - 0x00007ff9d88b5000 	C:\WINDOWS\System32\RPCRT4.dll
0x00007ff9d8570000 - 0x00007ff9d8578000 	C:\WINDOWS\System32\PSAPI.DLL
0x00007ff9d0a00000 - 0x00007ff9d0a09000 	C:\WINDOWS\SYSTEM32\WSOCK32.dll
0x00007ff9d8dd0000 - 0x00007ff9d8e3b000 	C:\WINDOWS\System32\WS2_32.dll
0x00007ff9caa60000 - 0x00007ff9caa6a000 	C:\WINDOWS\SYSTEM32\VERSION.dll
0x00007ff9c5c80000 - 0x00007ff9c5ca7000 	C:\WINDOWS\SYSTEM32\WINMM.dll
0x00007ff9d55f0000 - 0x00007ff9d5602000 	C:\WINDOWS\SYSTEM32\kernel.appcore.dll
0x00007ff9cf8f0000 - 0x00007ff9cf901000 	C:\Program Files\Android\Android Studio\jre\bin\verify.dll
0x00007ff9d31b0000 - 0x00007ff9d3394000 	C:\WINDOWS\SYSTEM32\DBGHELP.DLL
0x00007ff9ca8a0000 - 0x00007ff9ca8cc000 	C:\WINDOWS\SYSTEM32\dbgcore.DLL
0x00007ff9d77f0000 - 0x00007ff9d7872000 	C:\WINDOWS\System32\bcryptPrimitives.dll
0x00007ff9b28c0000 - 0x00007ff9b28e9000 	C:\Program Files\Android\Android Studio\jre\bin\java.dll
0x00007ff9cf770000 - 0x00007ff9cf77b000 	C:\Program Files\Android\Android Studio\jre\bin\jimage.dll
0x00007ff9c4280000 - 0x00007ff9c4298000 	C:\Program Files\Android\Android Studio\jre\bin\zip.dll
0x00007ff9d95d0000 - 0x00007ff9d9d13000 	C:\WINDOWS\System32\SHELL32.dll
0x00007ff9d5760000 - 0x00007ff9d5ef1000 	C:\WINDOWS\SYSTEM32\windows.storage.dll
0x00007ff9d8a70000 - 0x00007ff9d8dc4000 	C:\WINDOWS\System32\combase.dll
0x00007ff9d7060000 - 0x00007ff9d7090000 	C:\WINDOWS\SYSTEM32\Wldp.dll
0x00007ff9d8e40000 - 0x00007ff9d8eed000 	C:\WINDOWS\System32\SHCORE.dll
0x00007ff9d8730000 - 0x00007ff9d8785000 	C:\WINDOWS\System32\shlwapi.dll
0x00007ff9d7620000 - 0x00007ff9d763f000 	C:\WINDOWS\SYSTEM32\profapi.dll
0x00007ff9b5e30000 - 0x00007ff9b5e4a000 	C:\Program Files\Android\Android Studio\jre\bin\net.dll
0x00007ff9cb390000 - 0x00007ff9cb49d000 	C:\WINDOWS\SYSTEM32\WINHTTP.dll
0x00007ff9d6e40000 - 0x00007ff9d6eaa000 	C:\WINDOWS\system32\mswsock.dll
0x00007ff9b5820000 - 0x00007ff9b5834000 	C:\Program Files\Android\Android Studio\jre\bin\nio.dll

dbghelp: loaded successfully - version: 4.0.5 - missing functions: none
symbol engine: initialized successfully - sym options: 0x614 - pdb path: .;C:\Program Files\Android\Android Studio\jre\bin;C:\WINDOWS\SYSTEM32;C:\WINDOWS\WinSxS\amd64_microsoft.windows.common-controls_6595b64144ccf1df_6.0.19041.1110_none_60b5254171f9507e;C:\Program Files\Android\Android Studio\jre\bin\server

VM Arguments:
java_command: org.jetbrains.kotlin.cli.jvm.K2JVMCompiler @C:\Users\j - stock\AndroidStudioProjects\MyApplication\app\build\20221203_13831479402773085412.compiler.options
java_class_path (initial): C:\Users\j - stock\.gradle\caches\modules-2\files-2.1\org.jetbrains.kotlin\kotlin-compiler-embeddable\1.7.20\8db18559a581dd2c36ddfd5046af145650f5b126\kotlin-compiler-embeddable-1.7.20.jar;C:\Users\j - stock\.gradle\caches\modules-2\files-2.1\org.jetbrains.kotlin\kotlin-reflect\1.7.20\12b2501e33bb6373e8e347c86d85481863629381\kotlin-reflect-1.7.20.jar;C:\Users\j - stock\.gradle\caches\modules-2\files-2.1\org.jetbrains.kotlin\kotlin-stdlib\1.7.20\726594ea9ba2beb2ee113647fefa9a10f9fabe52\kotlin-stdlib-1.7.20.jar;C:\Users\j - stock\.gradle\caches\modules-2\files-2.1\org.jetbrains.kotlin\kotlin-script-runtime\1.7.20\bcd1cc6f865e632550357fcc59f5ffd532615a8\kotlin-script-runtime-1.7.20.jar;C:\Users\j - stock\.gradle\caches\modules-2\files-2.1\org.jetbrains.kotlin\kotlin-daemon-embeddable\1.7.20\1e24355adad8d529d75d5b19eab55484057431ba\kotlin-daemon-embeddable-1.7.20.jar;C:\Users\j - stock\.gradle\caches\modules-2\files-2.1\org.jetbrains.intellij.deps\trove4j\1.0.20200330\3afb14d5f9ceb459d724e907a21145e8ff394f02\trove4j-1.0.20200330.jar;C:\Users\j - stock\.gradle\caches\modules-2\files-2.1\net.java.dev.jna\jna\5.6.0\330f2244e9030119ab3030fc3fededc86713d9cc\jna-5.6.0.jar;C:\Users\j - stock\.gradle\caches\modules-2\files-2.1\org.jetbrains.kotlin\kotlin-stdlib-common\1.7.20\e15351bdaf9fa06f009be5da7a202e4184f00ae3\kotlin-stdlib-common-1.7.20.jar;C:\Users\j - stock\.gradle\caches\modules-2\files-2.1\org.jetbrains\annotations\13.0\919f0dfe192fb4e063e7dacadee7f8bb9a2672a9\annotations-13.0.jar
Launcher Type: SUN_STANDARD

[Global flags]
     intx CICompilerCount                          = 3                                         {product} {ergonomic}
     uint ConcGCThreads                            = 1                                         {product} {ergonomic}
     uint G1ConcRefinementThreads                  = 4                                         {product} {ergonomic}
   size_t G1HeapRegionSize                         = 1048576                                   {product} {ergonomic}
    uintx GCDrainStackTargetSize                   = 64                                        {product} {ergonomic}
   size_t InitialHeapSize                          = 134217728                                 {product} {ergonomic}
   size_t MarkStackSize                            = 4194304                                   {product} {ergonomic}
   size_t MaxHeapSize                              = 2120220672                                {product} {ergonomic}
   size_t MaxNewSize                               = 1271922688                                {product} {ergonomic}
   size_t MinHeapDeltaBytes                        = 1048576                                   {product} {ergonomic}
    uintx NonNMethodCodeHeapSize                   = 5830732                                {pd product} {ergonomic}
    uintx NonProfiledCodeHeapSize                  = 122913754                              {pd product} {ergonomic}
    uintx ProfiledCodeHeapSize                     = 122913754                              {pd product} {ergonomic}
    uintx ReservedCodeCacheSize                    = 251658240                              {pd product} {ergonomic}
     bool SegmentedCodeCache                       = true                                      {product} {ergonomic}
     bool UseCompressedClassPointers               = true                                 {lp64_product} {ergonomic}
     bool UseCompressedOops                        = true                                 {lp64_product} {ergonomic}
     bool UseG1GC                                  = true                                      {product} {ergonomic}
     bool UseLargePagesIndividualAllocation        = false                                  {pd product} {ergonomic}

Logging:
Log output configuration:
 #0: stdout all=warning uptime,level,tags
 #1: stderr all=off uptime,level,tags

Environment Variables:
PATH=C:\Windows\system32;C:\Windows;C:\Windows\System32\Wbem;C:\Windows\System32\WindowsPowerShell\v1.0\;C:\Windows\System32\OpenSSH\;C:\Program Files (x86)\NVIDIA Corporation\PhysX\Common;C:\Program Files\Microsoft SQL Server\150\Tools\Binn\;C:\Program Files\Microsoft SQL Server\Client SDK\ODBC\170\Tools\Binn\;C:\Program Files\dotnet\;C:\Program Files\nodejs\;C:\Program Files (x86)\Microsoft SQL Server\150\Tools\Binn\;C:\Program Files (x86)\Microsoft SQL Server\150\DTS\Binn\;C:\Program Files\Microsoft SQL Server\150\DTS\Binn\;C:\Program Files\Azure Data Studio\bin;C:\Program Files\Docker\Docker\resources\bin;C:\ProgramData\DockerDesktop\version-bin;C:\Program Files\Git\cmd;C:\Program Files\Git\mingw64\bin;C:\Program Files\Git\usr\bin;C:\WINDOWS\system32;C:\WINDOWS;C:\WINDOWS\System32\Wbem;C:\WINDOWS\System32\WindowsPowerShell\v1.0\;C:\WINDOWS\System32\OpenSSH\;C:\Users\j - stock\AppData\Local\Microsoft\WindowsApps;C:\Users\j - stock\.dotnet\tools;C:\Users\j - stock\AppData\Local\Programs\Microsoft VS Code\bin;C:\Users\j - stock\AppData\Roaming\npm;C:\Program Files\Azure Data Studio\bin;
USERNAME=j - stock
OS=Windows_NT
PROCESSOR_IDENTIFIER=Intel64 Family 6 Model 61 Stepping 4, GenuineIntel



---------------  S Y S T E M  ---------------

OS: Windows 10 , 64 bit Build 19041 (10.0.19041.1889)
OS uptime: 33 days 8:49 hours
Hyper-V role detected

CPU:total 4 (initial active 4) (2 cores per cpu, 2 threads per core) family 6 model 61 stepping 4 microcode 0x2d, cmov, cx8, fxsr, mmx, sse, sse2, sse3, ssse3, sse4.1, sse4.2, popcnt, avx, avx2, aes, clmul, erms, rtm, 3dnowpref, lzcnt, ht, tsc, tscinvbit, bmi1, bmi2, adx, fma

Memory: 4k page, system-wide physical 8083M (733M free)
TotalPageFile size 17358M (AvailPageFile size 8M)
current process WorkingSet (physical memory assigned to process): 421M, peak: 423M
current process commit charge ("private bytes"): 452M, peak: 456M

vm_info: OpenJDK 64-Bit Server VM (11.0.13+0-b1751.21-8125866) for windows-amd64 JRE (11.0.13+0-b1751.21-8125866), built on Feb  2 2022 03:00:22 by "builder" with MS VC++ 14.0 (VS2015)

END.
